<?xml version="1.0" encoding="UTF-8"?>
<!-- Generated by org.testng.reporters.JUnitXMLReporter -->
<testsuite ignored="2" hostname="INBOOK_X2_PLUS" failures="0" tests="7" name="TestRunner-Edge" time="228.322" errors="0" timestamp="2025-02-20T12:41:27 IST">
  <testcase classname="contactTestBatch.CreateContactTestNew" name="createContactTest" time="18.36"/>
  <testcase classname="contactTestBatch.CreateContactTestNew" name="createContactWithOrgTest" time="35.703"/>
  <testcase classname="contactTestBatch.CreateContactTestNew" name="createContactWithSupportDate" time="17.793"/>
  <testcase classname="orgTestBatch.CreateOrgTestNew" name="DeleteOrgTest" time="26.148"/>
  <testcase classname="orgTestBatch.CreateOrgTestNew" name="createOrgTest" time="19.216"/>
  <testcase classname="orgTestBatch.CreateOrgTestNew" name="createOrgTestWithDropdowns" time="19.717"/>
  <testcase classname="orgTestBatch.CreateOrgTestNew" name="createOrgTestWithPhNumber" time="20.241"/>
  <testcase classname="com.comcast.crm.basetest.BaseClasss" name="@BeforeSuite configBS" time="0.0">
    <ignored/>
  </testcase> <!-- @BeforeSuite configBS -->
  <testcase classname="com.comcast.crm.basetest.BaseClasss" name="@AfterSuite configAS" time="0.0">
    <ignored/>
  </testcase> <!-- @AfterSuite configAS -->
</testsuite> <!-- TestRunner-Edge -->
