<?xml version="1.0" encoding="UTF-8"?>
<!-- Generated by org.testng.reporters.JUnitXMLReporter -->
<testsuite ignored="2" hostname="INBOOK_X2_PLUS" failures="0" tests="7" name="TestRunner-Chrome" time="224.987" errors="0" timestamp="2025-02-20T12:41:24 IST">
  <testcase classname="contactTestBatch.CreateContactTestNew" name="createContactTest" time="18.687"/>
  <testcase classname="contactTestBatch.CreateContactTestNew" name="createContactWithOrgTest" time="36.304"/>
  <testcase classname="contactTestBatch.CreateContactTestNew" name="createContactWithSupportDate" time="17.67"/>
  <testcase classname="orgTestBatch.CreateOrgTestNew" name="DeleteOrgTest" time="25.727"/>
  <testcase classname="orgTestBatch.CreateOrgTestNew" name="createOrgTest" time="18.342"/>
  <testcase classname="orgTestBatch.CreateOrgTestNew" name="createOrgTestWithDropdowns" time="19.329"/>
  <testcase classname="orgTestBatch.CreateOrgTestNew" name="createOrgTestWithPhNumber" time="19.37"/>
  <testcase classname="com.comcast.crm.basetest.BaseClasss" name="@BeforeSuite configBS" time="0.0">
    <ignored/>
  </testcase> <!-- @BeforeSuite configBS -->
  <testcase classname="com.comcast.crm.basetest.BaseClasss" name="@AfterSuite configAS" time="0.0">
    <ignored/>
  </testcase> <!-- @AfterSuite configAS -->
</testsuite> <!-- TestRunner-Chrome -->
